Added Component: Designator=C?(C0603)
Add component (AddParameter): Name = "Add into BOM"; Value = "yes"; VariantName = "[No Variations]"
Add component (AddParameter): Name = "Channel ID"; Value = ""; VariantName = "[No Variations]"
Add component (AddParameter): Name = "Convert to PCB"; Value = "yes"; VariantName = "[No Variations]"
Add component (AddParameter): Name = "Datasheet"; Value = "https://atta.szlcsc.com/upload/public/pdf/source/20220211/3FDF6092789FC56E23A16E03DC7301F9.pdf"; VariantName = "[No Variations]"
Add component (AddParameter): Name = "Device"; Value = "0603DS475K160NT"; VariantName = "[No Variations]"
Add component (AddParameter): Name = "Group ID"; Value = ""; VariantName = "[No Variations]"
Add component (AddParameter): Name = "JLCPCB Part Class"; Value = ""; VariantName = "[No Variations]"
Add component (AddParameter): Name = "LCSC Part Name"; Value = "贴片电容"; VariantName = "[No Variations]"
Add component (AddParameter): Name = "Manufacturer"; Value = "FH(风华)"; VariantName = "[No Variations]"
Add component (AddParameter): Name = "Manufacturer Part"; Value = "0603DS475K160NT"; VariantName = "[No Variations]"
Add component (AddParameter): Name = "Name"; Value = "0603DS475K160NT"; VariantName = "[No Variations]"
Add component (AddParameter): Name = "Reuse Block"; Value = ""; VariantName = "[No Variations]"
Add component (AddParameter): Name = "Supplier"; Value = "LCSC"; VariantName = "[No Variations]"
Add component (AddParameter): Name = "Supplier Footprint"; Value = "0603"; VariantName = "[No Variations]"
Add component (AddParameter): Name = "Supplier Part"; Value = "C18213190"; VariantName = "[No Variations]"
Add component (AddParameter): Name = "Symbol"; Value = "0603DS475K160NT"; VariantName = "[No Variations]"
Added Member To Class: ClassName=Origin_pi Member=Component C? 0603DS475K160NT
Added Member To Class: ClassName=Origin_pi Member=Component U? CH340E
Added Member To Class: ClassName=Origin_pi Member=Component U? SY8088AAC
Added Member To Class: ClassName=Origin_pi Member=Component U? XC6206P332MR-G
Added Member To Class: ClassName=Origin_pi Member=Component U? 中景园2.0寸TFT12PIN焊接
Added Member To Class: ClassName=Origin_pi Member=Component U? TYPE-C16PIN母座 板上四脚三次molding
Added Room: Name=Origin_pi
