Added Component: Designator=U?(LQFP-128_L14.0-W14.0-P0.40-LS16.0-BL-EP5.0)
Add component (AddParameter): Name = "8Bit Timer"; Value = "-"; VariantName = "[No Variations]"
Add component (AddParameter): Name = "16Bit Timer"; Value = "-"; VariantName = "[No Variations]"
Add component (AddParameter): Name = "32Bit Timer"; Value = "-"; VariantName = "[No Variations]"
Add component (AddParameter): Name = "ADC (Bit)"; Value = "-"; VariantName = "[No Variations]"
Add component (AddParameter): Name = "Add into BOM"; Value = "yes"; VariantName = "[No Variations]"
Add component (AddParameter): Name = "CAN"; Value = "-"; VariantName = "[No Variations]"
Add component (AddParameter): Name = "CCP Capture/Compare"; Value = "-"; VariantName = "[No Variations]"
Add component (AddParameter): Name = "Channel ID"; Value = ""; VariantName = "[No Variations]"
Add component (AddParameter): Name = "communication protocol"; Value = "-"; VariantName = "[No Variations]"
Add component (AddParameter): Name = "Convert to PCB"; Value = "yes"; VariantName = "[No Variations]"
Add component (AddParameter): Name = "CPU Core"; Value = "-"; VariantName = "[No Variations]"
Add component (AddParameter): Name = "CPU Maximum Speed"; Value = "-"; VariantName = "[No Variations]"
Add component (AddParameter): Name = "DAC (Bit)"; Value = "-"; VariantName = "[No Variations]"
Add component (AddParameter): Name = "Datasheet"; Value = ""; VariantName = "[No Variations]"
Add component (AddParameter): Name = "Device"; Value = "V3s"; VariantName = "[No Variations]"
Add component (AddParameter): Name = "Direct Memory Access"; Value = "-"; VariantName = "[No Variations]"
Add component (AddParameter): Name = "GPIO Ports Number"; Value = "-"; VariantName = "[No Variations]"
Add component (AddParameter): Name = "Group ID"; Value = ""; VariantName = "[No Variations]"
Add component (AddParameter): Name = "I2C"; Value = "-"; VariantName = "[No Variations]"
Add component (AddParameter): Name = "I2S"; Value = "-"; VariantName = "[No Variations]"
Add component (AddParameter): Name = "Infrared Data Association"; Value = "-"; VariantName = "[No Variations]"
Add component (AddParameter): Name = "Internal Comparator"; Value = "-"; VariantName = "[No Variations]"
Add component (AddParameter): Name = "Internal Oscillator"; Value = "-"; VariantName = "[No Variations]"
Add component (AddParameter): Name = "JLCPCB Part Class"; Value = "À©Õ¹¿â"; VariantName = "[No Variations]"
Add component (AddParameter): Name = "LCD Module"; Value = "-"; VariantName = "[No Variations]"
Add component (AddParameter): Name = "LCSC Part Name"; Value = "Allwinner V3s"; VariantName = "[No Variations]"
Add component (AddParameter): Name = "LED Module"; Value = "-"; VariantName = "[No Variations]"
Add component (AddParameter): Name = "Low-Voltage Detect"; Value = "-"; VariantName = "[No Variations]"
Add component (AddParameter): Name = "Manufacturer"; Value = "Allwinner(È«Ö¾)"; VariantName = "[No Variations]"
Add component (AddParameter): Name = "Manufacturer Part"; Value = "V3s"; VariantName = "[No Variations]"
Add component (AddParameter): Name = "Name"; Value = "V3s"; VariantName = "[No Variations]"
Add component (AddParameter): Name = "Operating Temperature Range"; Value = "-"; VariantName = "[No Variations]"
Add component (AddParameter): Name = "Operating Voltage Range"; Value = "-"; VariantName = "[No Variations]"
Add component (AddParameter): Name = "Peripheral/Function"; Value = "-"; VariantName = "[No Variations]"
Add component (AddParameter): Name = "Program Memory Type"; Value = "-"; VariantName = "[No Variations]"
Add component (AddParameter): Name = "PWM (Bit)"; Value = "-"; VariantName = "[No Variations]"
Add component (AddParameter): Name = "Real-Time Clock"; Value = "-"; VariantName = "[No Variations]"
Add component (AddParameter): Name = "Reuse Block"; Value = ""; VariantName = "[No Variations]"
Add component (AddParameter): Name = "Secure Digital Input and Output"; Value = "-"; VariantName = "[No Variations]"
Add component (AddParameter): Name = "SPI"; Value = "-"; VariantName = "[No Variations]"
Add component (AddParameter): Name = "Supplier"; Value = "LCSC"; VariantName = "[No Variations]"
Add component (AddParameter): Name = "Supplier Footprint"; Value = "LQFP-128-EP(14x14)"; VariantName = "[No Variations]"
Add component (AddParameter): Name = "Supplier Part"; Value = "C2687449"; VariantName = "[No Variations]"
Add component (AddParameter): Name = "Symbol"; Value = "V3S"; VariantName = "[No Variations]"
Add component (AddParameter): Name = "UART/USART"; Value = "-"; VariantName = "[No Variations]"
Add component (AddParameter): Name = "Universal Serial Bus"; Value = "-"; VariantName = "[No Variations]"
Add component (AddParameter): Name = "Watchdog"; Value = "-"; VariantName = "[No Variations]"
Added Class: Name=Origin_pi
Added Room: Name=Origin_pi
