Added Component: Designator=RF?(ANT-SMD_KH-IPEX-K501-29)
Add component (AddParameter): Name = "Add into BOM"; Value = "yes"; VariantName = "[No Variations]"
Add component (AddParameter): Name = "Channel ID"; Value = ""; VariantName = "[No Variations]"
Add component (AddParameter): Name = "Connector Type"; Value = "板端"; VariantName = "[No Variations]"
Add component (AddParameter): Name = "Convert to PCB"; Value = "yes"; VariantName = "[No Variations]"
Add component (AddParameter): Name = "Datasheet"; Value = "https://atta.szlcsc.com/upload/public/pdf/source/20220620/3534C43453AFDE5147CC743E04DB9A56.pdf"; VariantName = "[No Variations]"
Add component (AddParameter): Name = "Device"; Value = "KH-IPEX-K501-29"; VariantName = "[No Variations]"
Add component (AddParameter): Name = "Frequency-Max"; Value = "3GHz"; VariantName = "[No Variations]"
Add component (AddParameter): Name = "Group ID"; Value = ""; VariantName = "[No Variations]"
Add component (AddParameter): Name = "Impedance"; Value = "50Ω"; VariantName = "[No Variations]"
Add component (AddParameter): Name = "Interface Diameter"; Value = "2mm"; VariantName = "[No Variations]"
Add component (AddParameter): Name = "Interface Length/Height"; Value = "1.25mm"; VariantName = "[No Variations]"
Add component (AddParameter): Name = "Interface Type"; Value = "内针"; VariantName = "[No Variations]"
Add component (AddParameter): Name = "JLCPCB Part Class"; Value = "Extended Part"; VariantName = "[No Variations]"
Add component (AddParameter): Name = "LCSC Part Name"; Value = "IPEX 内针 1代"; VariantName = "[No Variations]"
Add component (AddParameter): Name = "Manufacturer"; Value = "kinghelm(金航标)"; VariantName = "[No Variations]"
Add component (AddParameter): Name = "Manufacturer Part"; Value = "KH-IPEX-K501-29"; VariantName = "[No Variations]"
Add component (AddParameter): Name = "Name"; Value = ""; VariantName = "[No Variations]"
Add component (AddParameter): Name = "Number of Ports"; Value = "1"; VariantName = "[No Variations]"
Add component (AddParameter): Name = "Operating Temperature Range"; Value = "-40~+90"; VariantName = "[No Variations]"
Add component (AddParameter): Name = "Reuse Block"; Value = ""; VariantName = "[No Variations]"
Add component (AddParameter): Name = "RF Series"; Value = "IPEX"; VariantName = "[No Variations]"
Add component (AddParameter): Name = "Style"; Value = "-"; VariantName = "[No Variations]"
Add component (AddParameter): Name = "Supplier"; Value = "LCSC"; VariantName = "[No Variations]"
Add component (AddParameter): Name = "Supplier Footprint"; Value = "SMD"; VariantName = "[No Variations]"
Add component (AddParameter): Name = "Supplier Part"; Value = "C411563"; VariantName = "[No Variations]"
Add component (AddParameter): Name = "Symbol"; Value = "KH-IPEX-K501-29"; VariantName = "[No Variations]"
Added Member To Class: ClassName=Origin_pi Member=Component RF? KH-IPEX-K501-29
Added Member To Class: ClassName=Origin_pi Member=Component U? RTL8723BS_Module
Added Room: Name=Origin_pi
